<?xml version="1.0" encoding="UTF-8"?>
<!-- Generated by org.testng.reporters.JUnitReportReporter -->
<testsuite name="ScrollByVisibleElement" tests="1" time="24.543" ignored="0" failures="0" timestamp="16 Sep 2021 15:43:10 GMT" skipped="0" hostname="PAKU-BLR-01" errors="0">
  <testcase name="ByVisibleElement" time="24.543" classname="ScrollByVisibleElement"/>
</testsuite> <!-- ScrollByVisibleElement -->
