<?xml version="1.0" encoding="UTF-8"?>
<!-- Generated by org.testng.reporters.JUnitReportReporter -->
<testsuite name="ScrollByPixel" tests="1" time="40.205" ignored="0" failures="0" timestamp="16 Sep 2021 15:36:09 GMT" skipped="0" hostname="PAKU-BLR-01" errors="0">
  <testcase name="ByPixel" time="40.205" classname="ScrollByPixel"/>
</testsuite> <!-- ScrollByPixel -->
