<?xml version="1.0" encoding="UTF-8"?>
<!-- Generated by org.testng.reporters.JUnitReportReporter -->
<testsuite name="MultipleWindow" tests="1" time="19.573" ignored="0" failures="0" timestamp="16 Sep 2021 15:41:36 GMT" skipped="0" hostname="PAKU-BLR-01" errors="0">
  <testcase name="testMultipleWindows" time="19.573" classname="MultipleWindow"/>
</testsuite> <!-- MultipleWindow -->
