<?xml version="1.0" encoding="UTF-8"?>
<!-- Generated by org.testng.reporters.JUnitReportReporter -->
<testsuite name="ScrollByPage" tests="1" time="28.732" ignored="0" failures="0" timestamp="16 Sep 2021 15:34:51 GMT" skipped="0" hostname="PAKU-BLR-01" errors="0">
  <testcase name="ByPage" time="28.732" classname="ScrollByPage"/>
</testsuite> <!-- ScrollByPage -->
