<?xml version="1.0" encoding="UTF-8"?>
<!-- Generated by org.testng.reporters.JUnitReportReporter -->
<testsuite name="TestNgPractice.TestNgProgram1" tests="2" time="0.010" ignored="0" failures="0" timestamp="16 Sep 2021 11:55:29 GMT" skipped="0" hostname="PAKU-BLR-01" errors="0">
  <testcase name="logotest" time="0.003" classname="TestNgPractice.TestNgProgram1"/>
  <testcase name="captureScreen" time="0.007" classname="TestNgPractice.TestNgProgram1"/>
</testsuite> <!-- TestNgPractice.TestNgProgram1 -->
