<?xml version="1.0" encoding="UTF-8"?>
<!-- Generated by org.testng.reporters.JUnitReportReporter -->
<testsuite name="TestNgPractice.OrtderOfExecution" tests="3" time="0.026" ignored="0" failures="0" timestamp="16 Sep 2021 11:55:09 GMT" skipped="0" hostname="PAKU-BLR-01" errors="0">
  <testcase name="click" time="0.003" classname="TestNgPractice.OrtderOfExecution"/>
  <testcase name="login" time="0.021" classname="TestNgPractice.OrtderOfExecution"/>
  <testcase name="tear" time="0.002" classname="TestNgPractice.OrtderOfExecution"/>
</testsuite> <!-- TestNgPractice.OrtderOfExecution -->
