<?xml version="1.0" encoding="UTF-8"?>
<!-- Generated by org.testng.reporters.JUnitReportReporter -->
<testsuite name="TestNgPractice.CheckElementIsDisplayed" tests="1" time="20.513" ignored="0" failures="0" timestamp="16 Sep 2021 11:53:33 GMT" skipped="0" hostname="PAKU-BLR-01" errors="0">
  <testcase name="login" time="20.513" classname="TestNgPractice.CheckElementIsDisplayed"/>
</testsuite> <!-- TestNgPractice.CheckElementIsDisplayed -->
