<?xml version="1.0" encoding="UTF-8"?>
<!-- Generated by org.testng.reporters.JUnitReportReporter -->
<testsuite name="rough" tests="1" time="28.601" ignored="0" failures="0" timestamp="06 Sep 2021 10:57:49 GMT" skipped="0" hostname="PAKU-BLR-01" errors="0">
  <testcase name="login" time="28.601" classname="rough"/>
</testsuite> <!-- rough -->
