<?xml version="1.0" encoding="UTF-8"?>
<!-- Generated by org.testng.reporters.JUnitReportReporter -->
<testsuite hostname="PAKU-BLR-01" name="com.qa.Tests.GetAPITest" tests="1" failures="0" timestamp="8 Sep 2021 19:11:39 GMT" time="2.471" errors="0">
  <testcase name="getTest" time="2.471" classname="com.qa.Tests.GetAPITest"/>
</testsuite> <!-- com.qa.Tests.GetAPITest -->
